<?xml version="1.0" encoding="utf-8" standalone="no"?>
<!--This file represents the results of running a test suite-->
<test-results name="Z:\michaellarkin On My Mac\development\google_code\fetch-api\fetchapi-dotnet\Fetch.Tests\bin\Debug\nunit.framework.dll" total="0" errors="0" failures="0" not-run="0" ignored="0" skipped="0" invalid="0" date="2009-05-05" time="14:58:56">
  <environment nunit-version="2.5.0.9122" clr-version="2.0.50727.3082" os-version="Microsoft Windows NT 5.1.2600 Service Pack 3" platform="Win32NT" cwd="Z:\michaellarkin On My Mac\development\google_code\fetch-api\fetchapi-dotnet\Fetch.Tests\bin\Debug" machine-name="MICHAEL-B5A3679" user="JErickson" user-domain="ADVISORNET" />
  <culture-info current-culture="en-US" current-uiculture="en-US" />
  <test-suite name="Z:\michaellarkin On My Mac\development\google_code\fetch-api\fetchapi-dotnet\Fetch.Tests\bin\Debug\nunit.framework.dll" executed="True" success="False" time="0.031" asserts="0">
    <results>
      <test-suite name="NUnit" executed="True" success="False" time="0.016" asserts="0">
        <results>
          <test-suite name="Framework" executed="True" success="False" time="0.000" asserts="0">
            <results>
              <test-suite name="TestCase" executed="False">
                <reason>
                  <message><![CDATA[TestCase does not have any tests]]></message>
                </reason>
              </test-suite>
            </results>
          </test-suite>
        </results>
      </test-suite>
    </results>
  </test-suite>
</test-results>